This is e-pTeX, Version 3.1415926-p3.4-110825-2.6 (sjis) (TeX Live 2013/W32TeX) (format=platex 2013.4.9)  31 MAR 2015 20:13
entering extended mode
 restricted \write18 enabled.
 Source specials enabled.
 %&-line parsing enabled.
**main.tex
(./main.tex
pLaTeX2e <2006/11/10>+0 (based on LaTeX2e <2011/06/27> patch level 0)
Babel <v3.8m> and hyphenation patterns for english, german-x-2012-05-30, ngerma
n-x-2012-05-30, afrikaans, ancientgreek, ibycus, arabic, armenian, basque, bulg
arian, catalan, pinyin, coptic, croatian, czech, danish, dutch, ukenglish, usen
glishmax, esperanto, estonian, ethiopic, farsi, finnish, french, friulan, galic
ian, german, ngerman, swissgerman, monogreek, greek, hungarian, icelandic, assa
mese, bengali, gujarati, hindi, kannada, malayalam, marathi, oriya, panjabi, ta
mil, telugu, indonesian, interlingua, irish, italian, kurmanji, latin, latvian,
 lithuanian, mongolian, mongolianlmc, bokmal, nynorsk, polish, portuguese, roma
nian, romansh, russian, sanskrit, serbian, serbianc, slovak, slovenian, spanish
, swedish, turkish, turkmen, ukrainian, uppersorbian, welsh, dumylang, nohyphen
ation, loaded.
(c:/w32tex/share/texmf-dist/tex/platex/base/jarticle.cls
Document Class: jarticle 2006/06/27 v1.6 Standard pLaTeX class
\c@@paper=\count81
(c:/w32tex/share/texmf-dist/tex/platex/base/jsize10.clo
File: jsize10.clo 2006/06/27 v1.6 Standard pLaTeX file (size option)
)
\c@part=\count82
\c@section=\count83
\c@subsection=\count84
\c@subsubsection=\count85
\c@paragraph=\count86
\c@subparagraph=\count87
\c@figure=\count88
\c@table=\count89
\abovecaptionskip=\skip41
\belowcaptionskip=\skip42
\symmincho=\mathgroup4
LaTeX Font Info:    Overwriting symbol font `mincho' in version `bold'
(Font)                  JY1/mc/m/n --> JY1/gt/m/n on input line 601.
\toclineskip=\dimen118
\@lnumwidth=\dimen119
\bibindent=\dimen120
\heisei=\count90
)
(c:/w32tex/share/texmf-dist/tex/jlatex209/tools/epic.sty
Enhancements to Picture Environment. Version 1.2 - Released June 1, 1986
\@@multicnt=\count91
\d@lta=\count92
\@delta=\dimen121
\@@delta=\dimen122
\@gridcnt=\count93
\@joinkind=\count94
\@dotgap=\dimen123
\@ddotgap=\dimen124
\@x@diff=\count95
\@y@diff=\count96
\x@diff=\dimen125
\y@diff=\dimen126
\@dotbox=\box41
\num@segments=\count97
\num@segmentsi=\count98
\@datafile=\read1
) (c:/w32tex/share/texmf-dist/tex/jlatex209/tools/eepic.sty
Extension to Epic and LaTeX. Version 1.1b - Released Febrary 7, 1988
\@gphlinewidth=\count99
\@eepictcnt=\count100
\@tempdimc=\dimen127
\maxovaldiam=\dimen128
\@filltype=\box42
) (c:/w32tex/share/texmf-dist/tex/latex/graphics/graphicx.sty
Package: graphicx 1999/02/16 v1.0f Enhanced LaTeX Graphics (DPC,SPQR)

(c:/w32tex/share/texmf-dist/tex/latex/graphics/keyval.sty
Package: keyval 1999/03/16 v1.13 key=value parser (DPC)
\KV@toks@=\toks15
)
(c:/w32tex/share/texmf-dist/tex/latex/graphics/graphics.sty
Package: graphics 2009/02/05 v1.0o Standard LaTeX Graphics (DPC,SPQR)

(c:/w32tex/share/texmf-dist/tex/latex/graphics/trig.sty
Package: trig 1999/03/16 v1.09 sin cos tan (DPC)
)
(c:/w32tex/share/texmf-dist/tex/latex/config/graphics.cfg
File: graphics.cfg 2010/04/23 v1.9 graphics configuration of TeX Live
)
Package graphics Info: Driver file: dvips.def on input line 91.

(c:/w32tex/share/texmf-dist/tex/latex/graphics/dvips.def
File: dvips.def 1999/02/16 v3.0i Driver-dependant file (DPC,SPQR)
))
\Gin@req@height=\dimen129
\Gin@req@width=\dimen130
)
(c:/w32tex/share/texmf-dist/tex/latex/graphics/epsfig.sty
Package: epsfig 1999/02/16 v1.7a (e)psfig emulation (SPQR)
\epsfxsize=\dimen131
\epsfysize=\dimen132
)
(c:/w32tex/share/texmf-dist/tex/platex/base/nidanfloat.sty
Package: nidanfloat 2005/12/09 v2.7 Put double-floats at top/bottom within twoc
olumn mode
\c@dblbotnumber=\count101
\@dblbotroom=\dimen133
\@dblbotnum=\count102
\@floatht=\dimen134
\@fixht=\dimen135
\@combinebox=\box43
)
(c:/w32tex/share/texmf-dist/tex/latex/float/float.sty
Package: float 2001/11/08 v1.3d Float enhancements (AL)
\c@float@type=\count103
\float@exts=\toks16
\float@box=\box44
\@float@everytoks=\toks17
\@floatcapt=\box45
) (./main.aux)
\openout1 = `main.aux'.

LaTeX Font Info:    Checking defaults for OML/cmm/m/it on input line 33.
LaTeX Font Info:    ... okay on input line 33.
LaTeX Font Info:    Checking defaults for T1/cmr/m/n on input line 33.
LaTeX Font Info:    ... okay on input line 33.
LaTeX Font Info:    Checking defaults for OT1/cmr/m/n on input line 33.
LaTeX Font Info:    ... okay on input line 33.
LaTeX Font Info:    Checking defaults for OMS/cmsy/m/n on input line 33.
LaTeX Font Info:    ... okay on input line 33.
LaTeX Font Info:    Checking defaults for OMX/cmex/m/n on input line 33.
LaTeX Font Info:    ... okay on input line 33.
LaTeX Font Info:    Checking defaults for U/cmr/m/n on input line 33.
LaTeX Font Info:    ... okay on input line 33.
LaTeX Font Info:    Checking defaults for JY1/mc/m/n on input line 33.
LaTeX Font Info:    ... okay on input line 33.
LaTeX Font Info:    Checking defaults for JT1/mc/m/n on input line 33.
LaTeX Font Info:    ... okay on input line 33.
LaTeX Font Info:    External font `cmex10' loaded for size
(Font)              <7> on input line 34.
LaTeX Font Info:    External font `cmex10' loaded for size
(Font)              <5> on input line 34.
 [1


]
(./main.aux) ) 
Here is how much of TeX's memory you used:
 847 strings out of 494054
 10028 string characters out of 6157620
 69610 words of memory out of 5000000
 4314 multiletter control sequences out of 15000+600000
 10276 words of font info for 40 fonts, out of 8000000 for 9000
 745 hyphenation exceptions out of 8191
 25i,8n,19p,200b,153s stack positions out of 5000i,500n,10000p,500000b,80000s

Output written on main.dvi (1 page, 2248 bytes).
